<?xml version="1.0" encoding="UTF-8"?>
<testsuite xmlns:xsi="http://www.w3.org/2001/XMLSchema-instance" xsi:noNamespaceSchemaLocation="https://maven.apache.org/surefire/maven-surefire-plugin/xsd/surefire-test-report.xsd" version="3.0.2" name="com.example.tdd_demo.controller.GreetingControllerTest" time="4.182" tests="1" errors="0" skipped="0" failures="0">
  <properties>
[...]
</properties>
  <testcase name="testGreeting" classname="com.example.tdd_demo.controller.GreetingControllerTest" time="0.781">
    <system-out><![CDATA[16:46:32.071 [main] INFO org.springframework.test.context.support.AnnotationConfigContextLoaderUtils -- Could not detect default configuration classes for test class [com.example.tdd_demo.controller.GreetingControllerTest]: GreetingControllerTest does not declare any static, non-private, non-final, nested classes annotated with @Configuration.
16:46:32.190 [main] INFO org.springframework.boot.test.context.SpringBootTestContextBootstrapper -- Found @SpringBootConfiguration com.example.TddDemoApplication for test class com.example.tdd_demo.controller.GreetingControllerTest

  .   ____          _            __ _ _
 /\\ / ___'_ __ _ _(_)_ __  __ _ \ \ \ \
( ( )\___ | '_ | '_| | '_ \/ _` | \ \ \ \
 \\/  ___)| |_)| | | | | || (_| |  ) ) ) )
  '  |____| .__|_| |_|_| |_\__, | / / / /
 =========|_|==============|___/=/_/_/_/

 :: Spring Boot ::                (v3.4.4)

2025-03-31T16:46:32.621-06:00  INFO 33440 --- [tdd_demo] [           main] c.e.t.controller.GreetingControllerTest  : Starting GreetingControllerTest using Java 21.0.6 with PID 33440 (started by iker2 in C:\Users\iker2.ASUS_IKER\Desktop\Cosas_de_Iker\Trabajos\UN6\Test_driven_development\tdd_demo)
2025-03-31T16:46:32.623-06:00  INFO 33440 --- [tdd_demo] [           main] c.e.t.controller.GreetingControllerTest  : No active profile set, falling back to 1 default profile: "default"
2025-03-31T16:46:35.113-06:00  INFO 33440 --- [tdd_demo] [           main] o.s.b.t.m.w.SpringBootMockServletContext : Initializing Spring TestDispatcherServlet ''
2025-03-31T16:46:35.114-06:00  INFO 33440 --- [tdd_demo] [           main] o.s.t.web.servlet.TestDispatcherServlet  : Initializing Servlet ''
2025-03-31T16:46:35.127-06:00  INFO 33440 --- [tdd_demo] [           main] o.s.b.a.e.web.EndpointLinksResolver      : Exposing 1 endpoint beneath base path '/actuator'
2025-03-31T16:46:35.143-06:00  INFO 33440 --- [tdd_demo] [           main] o.s.t.web.servlet.TestDispatcherServlet  : Completed initialization in 28 ms
2025-03-31T16:46:35.211-06:00  INFO 33440 --- [tdd_demo] [           main] c.e.t.controller.GreetingControllerTest  : Started GreetingControllerTest in 2.871 seconds (process running for 3.766)
]]></system-out>
    <system-err><![CDATA[Mockito is currently self-attaching to enable the inline-mock-maker. This will no longer work in future releases of the JDK. Please add Mockito as an agent to your build what is described in Mockito's documentation: https://javadoc.io/doc/org.mockito/mockito-core/latest/org/mockito/Mockito.html#0.3
WARNING: A Java agent has been loaded dynamically (C:\Users\iker2.ASUS_IKER\.m2\repository\net\bytebuddy\byte-buddy-agent\1.15.11\byte-buddy-agent-1.15.11.jar)
WARNING: If a serviceability tool is in use, please run with -XX:+EnableDynamicAgentLoading to hide this warning
WARNING: If a serviceability tool is not in use, please run with -Djdk.instrument.traceUsage for more information
WARNING: Dynamic loading of agents will be disallowed by default in a future release
]]></system-err>
  </testcase>
</testsuite>